  [4;36;1mSQL (1.4ms)[0m   [0;1m SELECT name
 FROM sqlite_master
 WHERE type = 'table' AND NOT name = 'sqlite_sequence'
[0m
  [4;35;1mSQL (0.2ms)[0m   [0mselect sqlite_version(*)[0m
  [4;36;1mSQL (3.6ms)[0m   [0;1mCREATE TABLE "schema_migrations" ("version" varchar(255) NOT NULL) [0m
  [4;35;1mSQL (2.0ms)[0m   [0mCREATE UNIQUE INDEX "unique_schema_migrations" ON "schema_migrations" ("version")[0m
  [4;36;1mSQL (0.2ms)[0m   [0;1m SELECT name
 FROM sqlite_master
 WHERE type = 'table' AND NOT name = 'sqlite_sequence'
[0m
  [4;35;1mSQL (0.1ms)[0m   [0mSELECT version FROM schema_migrations[0m
Migrating to CreateUsers (20091101030557)
  [4;36;1mSQL (0.4ms)[0m   [0;1mCREATE TABLE "users" ("id" INTEGER PRIMARY KEY AUTOINCREMENT NOT NULL, "username" varchar(255), "email" varchar(255), "password_hash" varchar(255), "password_salt" varchar(255), "created_at" datetime, "updated_at" datetime) [0m
  [4;35;1mSQL (0.1ms)[0m   [0mINSERT INTO schema_migrations (version) VALUES ('20091101030557')[0m
  [4;36;1mSQL (0.3ms)[0m   [0;1m SELECT name
 FROM sqlite_master
 WHERE type = 'table' AND NOT name = 'sqlite_sequence'
[0m
  [4;35;1mSQL (0.1ms)[0m   [0mSELECT version FROM schema_migrations[0m
  [4;36;1mSQL (0.1ms)[0m   [0;1m SELECT name
 FROM sqlite_master
 WHERE type = 'table' AND NOT name = 'sqlite_sequence'
[0m
  [4;35;1mSQL (0.0ms)[0m   [0mPRAGMA index_list("users")[0m


Processing HomeController#index (for ::1 at 2009-10-31 22:18:13) [GET]
  Parameters: {"action"=>"index", "controller"=>"home"}
Redirected to http://localhost:3000/login
Filter chain halted as [:login_required] rendered_or_redirected.
Completed in 64ms (DB: 0) | 302 Found [http://localhost/]


Processing SessionsController#new (for ::1 at 2009-10-31 22:18:13) [GET]
  Parameters: {"action"=>"new", "controller"=>"sessions"}
Rendering template within layouts/application
Rendering sessions/new
Completed in 94ms (View: 92, DB: 0) | 200 OK [http://localhost/login]


Processing UsersController#new (for ::1 at 2009-10-31 22:18:21) [GET]
  Parameters: {"action"=>"new", "controller"=>"users"}
Rendering template within layouts/application
Rendering users/new
Completed in 17ms (View: 11, DB: 0) | 200 OK [http://localhost/signup]


Processing UsersController#create (for ::1 at 2009-10-31 22:18:43) [POST]
  Parameters: {"commit"=>"Sign up", "action"=>"create", "authenticity_token"=>"gJhmtC4TWBuDJ5693HlIj7nvXj8gq4OiGdQSlO+UCb4=", "controller"=>"users", "user"=>{"password_confirmation"=>"[FILTERED]", "username"=>"mwoods", "password"=>"[FILTERED]", "email"=>"micahwoods@gmail.com"}}
  [4;36;1mUser Load (0.1ms)[0m   [0;1mSELECT "users".id FROM "users" WHERE ("users"."username" = 'mwoods') LIMIT 1[0m
  [4;35;1mUser Load (0.1ms)[0m   [0mSELECT "users".id FROM "users" WHERE ("users"."email" = 'micahwoods@gmail.com') LIMIT 1[0m
  [4;36;1mUser Create (0.4ms)[0m   [0;1mINSERT INTO "users" ("created_at", "updated_at", "username", "password_salt", "password_hash", "email") VALUES('2009-11-01 03:18:43', '2009-11-01 03:18:43', 'mwoods', 'ce8ccb77f8be423e7024288db78a45613a7da5b6', '9092222622a57edc7b94ebacf296257a52b14143', 'micahwoods@gmail.com')[0m
Redirected to http://localhost:3000/
Completed in 10ms (DB: 1) | 302 Found [http://localhost/users]


Processing HomeController#index (for ::1 at 2009-10-31 22:18:43) [GET]
  Parameters: {"action"=>"index", "controller"=>"home"}
  [4;35;1mUser Load (0.2ms)[0m   [0mSELECT * FROM "users" WHERE ("users"."id" = 1) [0m
Rendering template within layouts/application
Rendering home/index

ActionView::TemplateError (undefined method `name' for #<User:0x1010f2ba0>) on line #1 of app/views/home/index.html.erb:
1: <%= title "Welcome #{current_user.name}"%>

    app/views/home/index.html.erb:1
    /opt/local/lib/ruby/1.8/webrick/httpserver.rb:104:in `service'
    /opt/local/lib/ruby/1.8/webrick/httpserver.rb:65:in `run'
    /opt/local/lib/ruby/1.8/webrick/server.rb:173:in `start_thread'
    /opt/local/lib/ruby/1.8/webrick/server.rb:162:in `start'
    /opt/local/lib/ruby/1.8/webrick/server.rb:162:in `start_thread'
    /opt/local/lib/ruby/1.8/webrick/server.rb:95:in `start'
    /opt/local/lib/ruby/1.8/webrick/server.rb:92:in `each'
    /opt/local/lib/ruby/1.8/webrick/server.rb:92:in `start'
    /opt/local/lib/ruby/1.8/webrick/server.rb:23:in `start'
    /opt/local/lib/ruby/1.8/webrick/server.rb:82:in `start'

Rendered rescues/_trace (40.1ms)
Rendered rescues/_request_and_response (1.1ms)
Rendering rescues/layout (internal_server_error)


Processing HomeController#index (for ::1 at 2009-10-31 22:19:21) [GET]
  Parameters: {"action"=>"index", "controller"=>"home"}
  [4;36;1mUser Load (0.2ms)[0m   [0;1mSELECT * FROM "users" WHERE ("users"."id" = 1) [0m
Rendering template within layouts/application
Rendering home/index
Completed in 11ms (View: 5, DB: 0) | 200 OK [http://localhost/]


Processing HomeController#index (for ::1 at 2009-10-31 22:19:51) [GET]
  Parameters: {"action"=>"index", "controller"=>"home"}
  [4;35;1mUser Load (0.2ms)[0m   [0mSELECT * FROM "users" WHERE ("users"."id" = 1) [0m
Rendering template within layouts/application
Rendering home/index
Completed in 7ms (View: 2, DB: 0) | 200 OK [http://localhost/]


Processing HomeController#index (for ::1 at 2009-10-31 22:19:52) [GET]
  Parameters: {"action"=>"index", "controller"=>"home"}
  [4;36;1mUser Load (0.2ms)[0m   [0;1mSELECT * FROM "users" WHERE ("users"."id" = 1) [0m
Rendering template within layouts/application
Rendering home/index
Completed in 7ms (View: 2, DB: 0) | 200 OK [http://localhost/]


Processing HomeController#index (for ::1 at 2009-10-31 22:21:00) [GET]
  Parameters: {"action"=>"index", "controller"=>"home"}
  [4;35;1mUser Load (0.2ms)[0m   [0mSELECT * FROM "users" WHERE ("users"."id" = 1) [0m
Rendering template within layouts/application
Rendering home/index
Completed in 10ms (View: 5, DB: 0) | 200 OK [http://localhost/]


Processing HomeController#index (for ::1 at 2009-10-31 22:21:00) [GET]
  Parameters: {"action"=>"index", "controller"=>"home"}
  [4;36;1mUser Load (0.2ms)[0m   [0;1mSELECT * FROM "users" WHERE ("users"."id" = 1) [0m
Rendering template within layouts/application
Rendering home/index
Completed in 8ms (View: 2, DB: 0) | 200 OK [http://localhost/]


Processing HomeController#index (for ::1 at 2009-10-31 22:21:10) [GET]
  Parameters: {"action"=>"index", "controller"=>"home"}
  [4;35;1mUser Load (0.3ms)[0m   [0mSELECT * FROM "users" WHERE ("users"."id" = 1) [0m
Rendering template within layouts/application
Rendering home/index
Completed in 11ms (View: 5, DB: 0) | 200 OK [http://localhost/]


Processing HomeController#index (for ::1 at 2009-10-31 22:23:54) [GET]
  Parameters: {"action"=>"index", "controller"=>"home"}
  [4;36;1mUser Load (0.2ms)[0m   [0;1mSELECT * FROM "users" WHERE ("users"."id" = 1) [0m
Rendering template within layouts/application
Rendering home/index
Completed in 10ms (View: 5, DB: 0) | 200 OK [http://localhost/]


Processing HomeController#index (for ::1 at 2009-10-31 22:24:43) [GET]
  Parameters: {"action"=>"index", "controller"=>"home"}
  [4;35;1mUser Load (0.2ms)[0m   [0mSELECT * FROM "users" WHERE ("users"."id" = 1) [0m
Rendering template within layouts/application
Rendering home/index
ERROR: compiling _run_erb_app47views47layouts47application46html46erb RAISED compile error
/Users/mwoods/repos/healthy_us/app/views/layouts/application.html.erb:24: syntax error, unexpected kENSURE, expecting ')'
/Users/mwoods/repos/healthy_us/app/views/layouts/application.html.erb:26: syntax error, unexpected kEND, expecting ')'
Function body:           def _run_erb_app47views47layouts47application46html46erb(local_assigns)
            old_output_buffer = output_buffer;;@output_buffer = '';  __in_erb_template=true ; @output_buffer.concat "<!DOCTYPE html PUBLIC \"-//W3C//DTD XHTML 1.0 Strict//EN\"\n  \"http://www.w3.org/TR/xhtml1/DTD/xhtml1-strict.dtd\">\n<html>\n  <head>\n    <title>"



; @output_buffer.concat(( h(yield(:title) || "Untitled") ).to_s); @output_buffer.concat "</title>\n    "
; @output_buffer.concat(( stylesheet_link_tag 'application' ).to_s); @output_buffer.concat "\n    "
; @output_buffer.concat(( yield(:head) ).to_s); @output_buffer.concat "\n  </head>\n  <body>\n    <div id=\"container\">\n"



;  flash.each do |name, msg| 
@output_buffer.concat "        "; @output_buffer.concat(( content_tag :div, msg, :id => "flash_#{name}" ).to_s); @output_buffer.concat "\n"
;  end 
@output_buffer.concat "      \n"
;  if show_title? 
@output_buffer.concat "        <h1>"; @output_buffer.concat((h yield(:title) ).to_s); @output_buffer.concat "</h1>\n"
;  end 
@output_buffer.concat "      \n      "
; @output_buffer.concat(( #yield ).to_s); @output_buffer.concat "\n    </div>\n  </body>\n</html>\n"



; @output_buffer
          ensure
            self.output_buffer = old_output_buffer
          end
Backtrace: /Users/mwoods/repos/healthy_us/app/views/layouts/application.html.erb:26:in `compile!'
/opt/local/lib/ruby/gems/1.8/gems/actionpack-2.3.4/lib/action_view/renderable.rb:61:in `compile'
/opt/local/lib/ruby/gems/1.8/gems/actionpack-2.3.4/lib/action_view/renderable.rb:28:in `render'
/opt/local/lib/ruby/gems/1.8/gems/actionpack-2.3.4/lib/action_view/template.rb:199:in `render_template'
/opt/local/lib/ruby/gems/1.8/gems/actionpack-2.3.4/lib/action_view/base.rb:260:in `render'
/opt/local/lib/ruby/gems/1.8/gems/actionpack-2.3.4/lib/action_view/base.rb:347:in `_render_with_layout'
/opt/local/lib/ruby/gems/1.8/gems/actionpack-2.3.4/lib/action_view/base.rb:257:in `render'
/opt/local/lib/ruby/gems/1.8/gems/actionpack-2.3.4/lib/action_controller/base.rb:1250:in `render_for_file'
/opt/local/lib/ruby/gems/1.8/gems/actionpack-2.3.4/lib/action_controller/base.rb:945:in `render_without_benchmark'
/opt/local/lib/ruby/gems/1.8/gems/actionpack-2.3.4/lib/action_controller/benchmarking.rb:51:in `render'
/opt/local/lib/ruby/gems/1.8/gems/activesupport-2.3.4/lib/active_support/core_ext/benchmark.rb:17:in `ms'
/opt/local/lib/ruby/1.8/benchmark.rb:308:in `realtime'
/opt/local/lib/ruby/gems/1.8/gems/activesupport-2.3.4/lib/active_support/core_ext/benchmark.rb:17:in `ms'
/opt/local/lib/ruby/gems/1.8/gems/actionpack-2.3.4/lib/action_controller/benchmarking.rb:51:in `render'
/opt/local/lib/ruby/gems/1.8/gems/actionpack-2.3.4/lib/action_controller/base.rb:1326:in `default_render'
/opt/local/lib/ruby/gems/1.8/gems/actionpack-2.3.4/lib/action_controller/base.rb:1332:in `perform_action_without_filters'
/opt/local/lib/ruby/gems/1.8/gems/actionpack-2.3.4/lib/action_controller/filters.rb:617:in `call_filters'
/opt/local/lib/ruby/gems/1.8/gems/actionpack-2.3.4/lib/action_controller/filters.rb:610:in `perform_action_without_benchmark'
/opt/local/lib/ruby/gems/1.8/gems/actionpack-2.3.4/lib/action_controller/benchmarking.rb:68:in `perform_action_without_rescue'
/opt/local/lib/ruby/gems/1.8/gems/activesupport-2.3.4/lib/active_support/core_ext/benchmark.rb:17:in `ms'
/opt/local/lib/ruby/1.8/benchmark.rb:308:in `realtime'
/opt/local/lib/ruby/gems/1.8/gems/activesupport-2.3.4/lib/active_support/core_ext/benchmark.rb:17:in `ms'
/opt/local/lib/ruby/gems/1.8/gems/actionpack-2.3.4/lib/action_controller/benchmarking.rb:68:in `perform_action_without_rescue'
/opt/local/lib/ruby/gems/1.8/gems/actionpack-2.3.4/lib/action_controller/rescue.rb:160:in `perform_action_without_flash'
/opt/local/lib/ruby/gems/1.8/gems/actionpack-2.3.4/lib/action_controller/flash.rb:146:in `perform_action'
/opt/local/lib/ruby/gems/1.8/gems/actionpack-2.3.4/lib/action_controller/base.rb:532:in `send'
/opt/local/lib/ruby/gems/1.8/gems/actionpack-2.3.4/lib/action_controller/base.rb:532:in `process_without_filters'
/opt/local/lib/ruby/gems/1.8/gems/actionpack-2.3.4/lib/action_controller/filters.rb:606:in `process'
/opt/local/lib/ruby/gems/1.8/gems/actionpack-2.3.4/lib/action_controller/base.rb:391:in `process'
/opt/local/lib/ruby/gems/1.8/gems/actionpack-2.3.4/lib/action_controller/base.rb:386:in `call'
/opt/local/lib/ruby/gems/1.8/gems/actionpack-2.3.4/lib/action_controller/routing/route_set.rb:437:in `call'
/opt/local/lib/ruby/gems/1.8/gems/actionpack-2.3.4/lib/action_controller/dispatcher.rb:87:in `dispatch'
/opt/local/lib/ruby/gems/1.8/gems/actionpack-2.3.4/lib/action_controller/dispatcher.rb:121:in `_call'
/opt/local/lib/ruby/gems/1.8/gems/actionpack-2.3.4/lib/action_controller/dispatcher.rb:130:in `build_middleware_stack'
/opt/local/lib/ruby/gems/1.8/gems/activerecord-2.3.4/lib/active_record/query_cache.rb:29:in `call'
/opt/local/lib/ruby/gems/1.8/gems/activerecord-2.3.4/lib/active_record/query_cache.rb:29:in `call'
/opt/local/lib/ruby/gems/1.8/gems/activerecord-2.3.4/lib/active_record/connection_adapters/abstract/query_cache.rb:34:in `cache'
/opt/local/lib/ruby/gems/1.8/gems/activerecord-2.3.4/lib/active_record/query_cache.rb:9:in `cache'
/opt/local/lib/ruby/gems/1.8/gems/activerecord-2.3.4/lib/active_record/query_cache.rb:28:in `call'
/opt/local/lib/ruby/gems/1.8/gems/activerecord-2.3.4/lib/active_record/connection_adapters/abstract/connection_pool.rb:361:in `call'
/opt/local/lib/ruby/gems/1.8/gems/rack-1.0.0/lib/rack/head.rb:9:in `call'
/opt/local/lib/ruby/gems/1.8/gems/rack-1.0.0/lib/rack/methodoverride.rb:24:in `call'
/opt/local/lib/ruby/gems/1.8/gems/actionpack-2.3.4/lib/action_controller/params_parser.rb:15:in `call'
/opt/local/lib/ruby/gems/1.8/gems/actionpack-2.3.4/lib/action_controller/session/cookie_store.rb:93:in `call'
/opt/local/lib/ruby/gems/1.8/gems/actionpack-2.3.4/lib/action_controller/failsafe.rb:26:in `call'
/opt/local/lib/ruby/gems/1.8/gems/rack-1.0.0/lib/rack/lock.rb:11:in `call'
/opt/local/lib/ruby/gems/1.8/gems/rack-1.0.0/lib/rack/lock.rb:11:in `synchronize'
/opt/local/lib/ruby/gems/1.8/gems/rack-1.0.0/lib/rack/lock.rb:11:in `call'
/opt/local/lib/ruby/gems/1.8/gems/actionpack-2.3.4/lib/action_controller/dispatcher.rb:114:in `call'
/opt/local/lib/ruby/gems/1.8/gems/actionpack-2.3.4/lib/action_controller/reloader.rb:34:in `run'
/opt/local/lib/ruby/gems/1.8/gems/actionpack-2.3.4/lib/action_controller/dispatcher.rb:108:in `call'
/opt/local/lib/ruby/gems/1.8/gems/rails-2.3.4/lib/rails/rack/static.rb:31:in `call'
/opt/local/lib/ruby/gems/1.8/gems/rack-1.0.0/lib/rack/urlmap.rb:46:in `call'
/opt/local/lib/ruby/gems/1.8/gems/rack-1.0.0/lib/rack/urlmap.rb:40:in `each'
/opt/local/lib/ruby/gems/1.8/gems/rack-1.0.0/lib/rack/urlmap.rb:40:in `call'
/opt/local/lib/ruby/gems/1.8/gems/rails-2.3.4/lib/rails/rack/log_tailer.rb:17:in `call'
/opt/local/lib/ruby/gems/1.8/gems/rack-1.0.0/lib/rack/content_length.rb:13:in `call'
/opt/local/lib/ruby/gems/1.8/gems/rack-1.0.0/lib/rack/handler/webrick.rb:46:in `service'
/opt/local/lib/ruby/1.8/webrick/httpserver.rb:104:in `service'
/opt/local/lib/ruby/1.8/webrick/httpserver.rb:65:in `run'
/opt/local/lib/ruby/1.8/webrick/server.rb:173:in `start_thread'
/opt/local/lib/ruby/1.8/webrick/server.rb:162:in `start'
/opt/local/lib/ruby/1.8/webrick/server.rb:162:in `start_thread'
/opt/local/lib/ruby/1.8/webrick/server.rb:95:in `start'
/opt/local/lib/ruby/1.8/webrick/server.rb:92:in `each'
/opt/local/lib/ruby/1.8/webrick/server.rb:92:in `start'
/opt/local/lib/ruby/1.8/webrick/server.rb:23:in `start'
/opt/local/lib/ruby/1.8/webrick/server.rb:82:in `start'
/opt/local/lib/ruby/gems/1.8/gems/rack-1.0.0/lib/rack/handler/webrick.rb:13:in `run'
/opt/local/lib/ruby/gems/1.8/gems/rails-2.3.4/lib/commands/server.rb:111
/opt/local/lib/ruby/site_ruby/1.8/rubygems/custom_require.rb:31:in `gem_original_require'
/opt/local/lib/ruby/site_ruby/1.8/rubygems/custom_require.rb:31:in `require'
./script/server:3

ActionView::TemplateError (compile error
/Users/mwoods/repos/healthy_us/app/views/layouts/application.html.erb:24: syntax error, unexpected kENSURE, expecting ')'
/Users/mwoods/repos/healthy_us/app/views/layouts/application.html.erb:26: syntax error, unexpected kEND, expecting ')') on line #24 of app/views/layouts/application.html.erb:
21:   </body>
22: </html>

    app/views/layouts/application.html.erb:26:in `compile!'
    /opt/local/lib/ruby/1.8/webrick/httpserver.rb:104:in `service'
    /opt/local/lib/ruby/1.8/webrick/httpserver.rb:65:in `run'
    /opt/local/lib/ruby/1.8/webrick/server.rb:173:in `start_thread'
    /opt/local/lib/ruby/1.8/webrick/server.rb:162:in `start'
    /opt/local/lib/ruby/1.8/webrick/server.rb:162:in `start_thread'
    /opt/local/lib/ruby/1.8/webrick/server.rb:95:in `start'
    /opt/local/lib/ruby/1.8/webrick/server.rb:92:in `each'
    /opt/local/lib/ruby/1.8/webrick/server.rb:92:in `start'
    /opt/local/lib/ruby/1.8/webrick/server.rb:23:in `start'
    /opt/local/lib/ruby/1.8/webrick/server.rb:82:in `start'

Rendered rescues/_trace (34.7ms)
Rendered rescues/_request_and_response (0.2ms)
Rendering rescues/layout (internal_server_error)


Processing HomeController#index (for ::1 at 2009-10-31 22:24:46) [GET]
  Parameters: {"action"=>"index", "controller"=>"home"}
  [4;36;1mUser Load (0.2ms)[0m   [0;1mSELECT * FROM "users" WHERE ("users"."id" = 1) [0m
Rendering template within layouts/application
Rendering home/index
ERROR: compiling _run_erb_app47views47layouts47application46html46erb RAISED compile error
/Users/mwoods/repos/healthy_us/app/views/layouts/application.html.erb:24: syntax error, unexpected kENSURE, expecting ')'
/Users/mwoods/repos/healthy_us/app/views/layouts/application.html.erb:26: syntax error, unexpected kEND, expecting ')'
Function body:           def _run_erb_app47views47layouts47application46html46erb(local_assigns)
            old_output_buffer = output_buffer;;@output_buffer = '';  __in_erb_template=true ; @output_buffer.concat "<!DOCTYPE html PUBLIC \"-//W3C//DTD XHTML 1.0 Strict//EN\"\n  \"http://www.w3.org/TR/xhtml1/DTD/xhtml1-strict.dtd\">\n<html>\n  <head>\n    <title>"



; @output_buffer.concat(( h(yield(:title) || "Untitled") ).to_s); @output_buffer.concat "</title>\n    "
; @output_buffer.concat(( stylesheet_link_tag 'application' ).to_s); @output_buffer.concat "\n    "
; @output_buffer.concat(( yield(:head) ).to_s); @output_buffer.concat "\n  </head>\n  <body>\n    <div id=\"container\">\n"



;  flash.each do |name, msg| 
@output_buffer.concat "        "; @output_buffer.concat(( content_tag :div, msg, :id => "flash_#{name}" ).to_s); @output_buffer.concat "\n"
;  end 
@output_buffer.concat "      \n"
;  if show_title? 
@output_buffer.concat "        <h1>"; @output_buffer.concat((h yield(:title) ).to_s); @output_buffer.concat "</h1>\n"
;  end 
@output_buffer.concat "      \n      "
; @output_buffer.concat(( #yield ).to_s); @output_buffer.concat "\n    </div>\n  </body>\n</html>\n"



; @output_buffer
          ensure
            self.output_buffer = old_output_buffer
          end
Backtrace: /Users/mwoods/repos/healthy_us/app/views/layouts/application.html.erb:26:in `compile!'
/opt/local/lib/ruby/gems/1.8/gems/actionpack-2.3.4/lib/action_view/renderable.rb:61:in `compile'
/opt/local/lib/ruby/gems/1.8/gems/actionpack-2.3.4/lib/action_view/renderable.rb:28:in `render'
/opt/local/lib/ruby/gems/1.8/gems/actionpack-2.3.4/lib/action_view/template.rb:199:in `render_template'
/opt/local/lib/ruby/gems/1.8/gems/actionpack-2.3.4/lib/action_view/base.rb:260:in `render'
/opt/local/lib/ruby/gems/1.8/gems/actionpack-2.3.4/lib/action_view/base.rb:347:in `_render_with_layout'
/opt/local/lib/ruby/gems/1.8/gems/actionpack-2.3.4/lib/action_view/base.rb:257:in `render'
/opt/local/lib/ruby/gems/1.8/gems/actionpack-2.3.4/lib/action_controller/base.rb:1250:in `render_for_file'
/opt/local/lib/ruby/gems/1.8/gems/actionpack-2.3.4/lib/action_controller/base.rb:945:in `render_without_benchmark'
/opt/local/lib/ruby/gems/1.8/gems/actionpack-2.3.4/lib/action_controller/benchmarking.rb:51:in `render'
/opt/local/lib/ruby/gems/1.8/gems/activesupport-2.3.4/lib/active_support/core_ext/benchmark.rb:17:in `ms'
/opt/local/lib/ruby/1.8/benchmark.rb:308:in `realtime'
/opt/local/lib/ruby/gems/1.8/gems/activesupport-2.3.4/lib/active_support/core_ext/benchmark.rb:17:in `ms'
/opt/local/lib/ruby/gems/1.8/gems/actionpack-2.3.4/lib/action_controller/benchmarking.rb:51:in `render'
/opt/local/lib/ruby/gems/1.8/gems/actionpack-2.3.4/lib/action_controller/base.rb:1326:in `default_render'
/opt/local/lib/ruby/gems/1.8/gems/actionpack-2.3.4/lib/action_controller/base.rb:1332:in `perform_action_without_filters'
/opt/local/lib/ruby/gems/1.8/gems/actionpack-2.3.4/lib/action_controller/filters.rb:617:in `call_filters'
/opt/local/lib/ruby/gems/1.8/gems/actionpack-2.3.4/lib/action_controller/filters.rb:610:in `perform_action_without_benchmark'
/opt/local/lib/ruby/gems/1.8/gems/actionpack-2.3.4/lib/action_controller/benchmarking.rb:68:in `perform_action_without_rescue'
/opt/local/lib/ruby/gems/1.8/gems/activesupport-2.3.4/lib/active_support/core_ext/benchmark.rb:17:in `ms'
/opt/local/lib/ruby/1.8/benchmark.rb:308:in `realtime'
/opt/local/lib/ruby/gems/1.8/gems/activesupport-2.3.4/lib/active_support/core_ext/benchmark.rb:17:in `ms'
/opt/local/lib/ruby/gems/1.8/gems/actionpack-2.3.4/lib/action_controller/benchmarking.rb:68:in `perform_action_without_rescue'
/opt/local/lib/ruby/gems/1.8/gems/actionpack-2.3.4/lib/action_controller/rescue.rb:160:in `perform_action_without_flash'
/opt/local/lib/ruby/gems/1.8/gems/actionpack-2.3.4/lib/action_controller/flash.rb:146:in `perform_action'
/opt/local/lib/ruby/gems/1.8/gems/actionpack-2.3.4/lib/action_controller/base.rb:532:in `send'
/opt/local/lib/ruby/gems/1.8/gems/actionpack-2.3.4/lib/action_controller/base.rb:532:in `process_without_filters'
/opt/local/lib/ruby/gems/1.8/gems/actionpack-2.3.4/lib/action_controller/filters.rb:606:in `process'
/opt/local/lib/ruby/gems/1.8/gems/actionpack-2.3.4/lib/action_controller/base.rb:391:in `process'
/opt/local/lib/ruby/gems/1.8/gems/actionpack-2.3.4/lib/action_controller/base.rb:386:in `call'
/opt/local/lib/ruby/gems/1.8/gems/actionpack-2.3.4/lib/action_controller/routing/route_set.rb:437:in `call'
/opt/local/lib/ruby/gems/1.8/gems/actionpack-2.3.4/lib/action_controller/dispatcher.rb:87:in `dispatch'
/opt/local/lib/ruby/gems/1.8/gems/actionpack-2.3.4/lib/action_controller/dispatcher.rb:121:in `_call'
/opt/local/lib/ruby/gems/1.8/gems/actionpack-2.3.4/lib/action_controller/dispatcher.rb:130:in `build_middleware_stack'
/opt/local/lib/ruby/gems/1.8/gems/activerecord-2.3.4/lib/active_record/query_cache.rb:29:in `call'
/opt/local/lib/ruby/gems/1.8/gems/activerecord-2.3.4/lib/active_record/query_cache.rb:29:in `call'
/opt/local/lib/ruby/gems/1.8/gems/activerecord-2.3.4/lib/active_record/connection_adapters/abstract/query_cache.rb:34:in `cache'
/opt/local/lib/ruby/gems/1.8/gems/activerecord-2.3.4/lib/active_record/query_cache.rb:9:in `cache'
/opt/local/lib/ruby/gems/1.8/gems/activerecord-2.3.4/lib/active_record/query_cache.rb:28:in `call'
/opt/local/lib/ruby/gems/1.8/gems/activerecord-2.3.4/lib/active_record/connection_adapters/abstract/connection_pool.rb:361:in `call'
/opt/local/lib/ruby/gems/1.8/gems/rack-1.0.0/lib/rack/head.rb:9:in `call'
/opt/local/lib/ruby/gems/1.8/gems/rack-1.0.0/lib/rack/methodoverride.rb:24:in `call'
/opt/local/lib/ruby/gems/1.8/gems/actionpack-2.3.4/lib/action_controller/params_parser.rb:15:in `call'
/opt/local/lib/ruby/gems/1.8/gems/actionpack-2.3.4/lib/action_controller/session/cookie_store.rb:93:in `call'
/opt/local/lib/ruby/gems/1.8/gems/actionpack-2.3.4/lib/action_controller/failsafe.rb:26:in `call'
/opt/local/lib/ruby/gems/1.8/gems/rack-1.0.0/lib/rack/lock.rb:11:in `call'
/opt/local/lib/ruby/gems/1.8/gems/rack-1.0.0/lib/rack/lock.rb:11:in `synchronize'
/opt/local/lib/ruby/gems/1.8/gems/rack-1.0.0/lib/rack/lock.rb:11:in `call'
/opt/local/lib/ruby/gems/1.8/gems/actionpack-2.3.4/lib/action_controller/dispatcher.rb:114:in `call'
/opt/local/lib/ruby/gems/1.8/gems/actionpack-2.3.4/lib/action_controller/reloader.rb:34:in `run'
/opt/local/lib/ruby/gems/1.8/gems/actionpack-2.3.4/lib/action_controller/dispatcher.rb:108:in `call'
/opt/local/lib/ruby/gems/1.8/gems/rails-2.3.4/lib/rails/rack/static.rb:31:in `call'
/opt/local/lib/ruby/gems/1.8/gems/rack-1.0.0/lib/rack/urlmap.rb:46:in `call'
/opt/local/lib/ruby/gems/1.8/gems/rack-1.0.0/lib/rack/urlmap.rb:40:in `each'
/opt/local/lib/ruby/gems/1.8/gems/rack-1.0.0/lib/rack/urlmap.rb:40:in `call'
/opt/local/lib/ruby/gems/1.8/gems/rails-2.3.4/lib/rails/rack/log_tailer.rb:17:in `call'
/opt/local/lib/ruby/gems/1.8/gems/rack-1.0.0/lib/rack/content_length.rb:13:in `call'
/opt/local/lib/ruby/gems/1.8/gems/rack-1.0.0/lib/rack/handler/webrick.rb:46:in `service'
/opt/local/lib/ruby/1.8/webrick/httpserver.rb:104:in `service'
/opt/local/lib/ruby/1.8/webrick/httpserver.rb:65:in `run'
/opt/local/lib/ruby/1.8/webrick/server.rb:173:in `start_thread'
/opt/local/lib/ruby/1.8/webrick/server.rb:162:in `start'
/opt/local/lib/ruby/1.8/webrick/server.rb:162:in `start_thread'
/opt/local/lib/ruby/1.8/webrick/server.rb:95:in `start'
/opt/local/lib/ruby/1.8/webrick/server.rb:92:in `each'
/opt/local/lib/ruby/1.8/webrick/server.rb:92:in `start'
/opt/local/lib/ruby/1.8/webrick/server.rb:23:in `start'
/opt/local/lib/ruby/1.8/webrick/server.rb:82:in `start'
/opt/local/lib/ruby/gems/1.8/gems/rack-1.0.0/lib/rack/handler/webrick.rb:13:in `run'
/opt/local/lib/ruby/gems/1.8/gems/rails-2.3.4/lib/commands/server.rb:111
/opt/local/lib/ruby/site_ruby/1.8/rubygems/custom_require.rb:31:in `gem_original_require'
/opt/local/lib/ruby/site_ruby/1.8/rubygems/custom_require.rb:31:in `require'
./script/server:3

ActionView::TemplateError (compile error
/Users/mwoods/repos/healthy_us/app/views/layouts/application.html.erb:24: syntax error, unexpected kENSURE, expecting ')'
/Users/mwoods/repos/healthy_us/app/views/layouts/application.html.erb:26: syntax error, unexpected kEND, expecting ')') on line #24 of app/views/layouts/application.html.erb:
21:   </body>
22: </html>

    app/views/layouts/application.html.erb:26:in `compile!'
    /opt/local/lib/ruby/1.8/webrick/httpserver.rb:104:in `service'
    /opt/local/lib/ruby/1.8/webrick/httpserver.rb:65:in `run'
    /opt/local/lib/ruby/1.8/webrick/server.rb:173:in `start_thread'
    /opt/local/lib/ruby/1.8/webrick/server.rb:162:in `start'
    /opt/local/lib/ruby/1.8/webrick/server.rb:162:in `start_thread'
    /opt/local/lib/ruby/1.8/webrick/server.rb:95:in `start'
    /opt/local/lib/ruby/1.8/webrick/server.rb:92:in `each'
    /opt/local/lib/ruby/1.8/webrick/server.rb:92:in `start'
    /opt/local/lib/ruby/1.8/webrick/server.rb:23:in `start'
    /opt/local/lib/ruby/1.8/webrick/server.rb:82:in `start'

Rendered rescues/_trace (35.1ms)
Rendered rescues/_request_and_response (0.2ms)
Rendering rescues/layout (internal_server_error)


Processing HomeController#index (for ::1 at 2009-10-31 22:24:58) [GET]
  Parameters: {"action"=>"index", "controller"=>"home"}
  [4;35;1mUser Load (0.2ms)[0m   [0mSELECT * FROM "users" WHERE ("users"."id" = 1) [0m
Rendering template within layouts/application
Rendering home/index
Completed in 10ms (View: 5, DB: 0) | 200 OK [http://localhost/]


Processing HomeController#index (for ::1 at 2009-10-31 22:25:11) [GET]
  Parameters: {"action"=>"index", "controller"=>"home"}
  [4;36;1mUser Load (0.2ms)[0m   [0;1mSELECT * FROM "users" WHERE ("users"."id" = 1) [0m
Rendering template within layouts/application
Rendering home/index
Completed in 11ms (View: 5, DB: 0) | 200 OK [http://localhost/]


Processing HomeController#index (for ::1 at 2009-10-31 22:25:38) [GET]
  Parameters: {"action"=>"index", "controller"=>"home"}
  [4;35;1mUser Load (0.2ms)[0m   [0mSELECT * FROM "users" WHERE ("users"."id" = 1) [0m
Rendering template within layouts/application
Rendering home/index
Completed in 11ms (View: 5, DB: 0) | 200 OK [http://localhost/]


Processing HomeController#index (for ::1 at 2009-10-31 22:33:31) [GET]
  Parameters: {"action"=>"index", "controller"=>"home"}
  [4;36;1mUser Load (0.2ms)[0m   [0;1mSELECT * FROM "users" WHERE ("users"."id" = 1) [0m
Rendering template within layouts/application
Rendering home/index
Completed in 11ms (View: 6, DB: 0) | 200 OK [http://localhost/]


Processing HomeController#index (for ::1 at 2009-10-31 22:37:33) [GET]
  Parameters: {"action"=>"index", "controller"=>"home"}
  [4;35;1mUser Load (0.2ms)[0m   [0mSELECT * FROM "users" WHERE ("users"."id" = 1) [0m
Rendering template within layouts/application
Rendering home/index
Completed in 11ms (View: 6, DB: 0) | 200 OK [http://localhost/]


Processing HomeController#index (for ::1 at 2009-10-31 22:38:43) [GET]
  Parameters: {"action"=>"index", "controller"=>"home"}
  [4;36;1mUser Load (0.2ms)[0m   [0;1mSELECT * FROM "users" WHERE ("users"."id" = 1) [0m
Rendering template within layouts/application
Rendering home/index
Completed in 8ms (View: 2, DB: 0) | 200 OK [http://localhost/]
